<?xml version="1.0" encoding="UTF-8"?>
<testsuite xmlns:xsi="http://www.w3.org/2001/XMLSchema-instance" xsi:noNamespaceSchemaLocation="https://maven.apache.org/surefire/maven-surefire-plugin/xsd/surefire-test-report-3.0.xsd" version="3.0" name="elte.hu.movies.MoviesApplicationTests" time="47.485" tests="1" errors="0" skipped="0" failures="0">
  <properties>
[...]
</properties>
  <testcase name="contextLoads" classname="elte.hu.movies.MoviesApplicationTests" time="2.15">
    <system-out><![CDATA[02:34:47.426 [main] INFO org.springframework.test.context.support.AnnotationConfigContextLoaderUtils -- Could not detect default configuration classes for test class [elte.hu.movies.MoviesApplicationTests]: MoviesApplicationTests does not declare any static, non-private, non-final, nested classes annotated with @Configuration.
02:34:47.676 [main] INFO org.springframework.boot.test.context.SpringBootTestContextBootstrapper -- Found @SpringBootConfiguration elte.hu.movies.MoviesApplication for test class elte.hu.movies.MoviesApplicationTests
02:34:48.024 [main] INFO org.springframework.boot.devtools.restart.RestartApplicationListener -- Restart disabled due to context in which it is running

  .   ____          _            __ _ _
 /\\ / ___'_ __ _ _(_)_ __  __ _ \ \ \ \
( ( )\___ | '_ | '_| | '_ \/ _` | \ \ \ \
 \\/  ___)| |_)| | | | | || (_| |  ) ) ) )
  '  |____| .__|_| |_|_| |_\__, | / / / /
 =========|_|==============|___/=/_/_/_/

 :: Spring Boot ::                (v3.3.5)

2025-01-09T02:34:48.714+01:00  INFO 2760 --- [movies] [           main] elte.hu.movies.MoviesApplicationTests    : Starting MoviesApplicationTests using Java 23.0.1 with PID 2760 (started by pocsi in C:\Users\pocsi\Desktop\proj\movies)
2025-01-09T02:34:48.718+01:00  INFO 2760 --- [movies] [           main] elte.hu.movies.MoviesApplicationTests    : No active profile set, falling back to 1 default profile: "default"
2025-01-09T02:34:51.890+01:00  INFO 2760 --- [movies] [           main] .s.d.r.c.RepositoryConfigurationDelegate : Bootstrapping Spring Data JPA repositories in DEFAULT mode.
2025-01-09T02:34:52.011+01:00  INFO 2760 --- [movies] [           main] .s.d.r.c.RepositoryConfigurationDelegate : Finished Spring Data repository scanning in 107 ms. Found 5 JPA repository interfaces.
2025-01-09T02:34:55.901+01:00  INFO 2760 --- [movies] [           main] o.hibernate.jpa.internal.util.LogHelper  : HHH000204: Processing PersistenceUnitInfo [name: default]
2025-01-09T02:34:56.225+01:00  INFO 2760 --- [movies] [           main] org.hibernate.Version                    : HHH000412: Hibernate ORM core version 6.5.3.Final
2025-01-09T02:34:56.337+01:00  INFO 2760 --- [movies] [           main] o.h.c.internal.RegionFactoryInitiator    : HHH000026: Second-level cache disabled
2025-01-09T02:34:57.699+01:00  INFO 2760 --- [movies] [           main] o.s.o.j.p.SpringPersistenceUnitInfo      : No LoadTimeWeaver setup: ignoring JPA class transformer
2025-01-09T02:34:57.789+01:00  INFO 2760 --- [movies] [           main] com.zaxxer.hikari.HikariDataSource       : HikariPool-1 - Starting...
2025-01-09T02:34:58.638+01:00  INFO 2760 --- [movies] [           main] com.zaxxer.hikari.pool.HikariPool        : HikariPool-1 - Added connection org.postgresql.jdbc.PgConnection@2c15034f
2025-01-09T02:34:58.646+01:00  INFO 2760 --- [movies] [           main] com.zaxxer.hikari.HikariDataSource       : HikariPool-1 - Start completed.
2025-01-09T02:34:58.930+01:00  WARN 2760 --- [movies] [           main] org.hibernate.orm.deprecation            : HHH90000025: PostgreSQLDialect does not need to be specified explicitly using 'hibernate.dialect' (remove the property setting and it will be selected by default)
2025-01-09T02:35:02.571+01:00  INFO 2760 --- [movies] [           main] o.h.e.t.j.p.i.JtaPlatformInitiator       : HHH000489: No JTA platform available (set 'hibernate.transaction.jta.platform' to enable JTA platform integration)
2025-01-09T02:35:02.725+01:00  WARN 2760 --- [movies] [           main] o.h.engine.jdbc.spi.SqlExceptionHelper   : SQL Warning Code: 0, SQLState: 00000
2025-01-09T02:35:02.726+01:00  WARN 2760 --- [movies] [           main] o.h.engine.jdbc.spi.SqlExceptionHelper   : relation "movies_genres" does not exist, skipping
2025-01-09T02:35:02.726+01:00  WARN 2760 --- [movies] [           main] o.h.engine.jdbc.spi.SqlExceptionHelper   : SQL Warning Code: 0, SQLState: 00000
2025-01-09T02:35:02.727+01:00  WARN 2760 --- [movies] [           main] o.h.engine.jdbc.spi.SqlExceptionHelper   : relation "movies_genres" does not exist, skipping
2025-01-09T02:35:02.727+01:00  WARN 2760 --- [movies] [           main] o.h.engine.jdbc.spi.SqlExceptionHelper   : SQL Warning Code: 0, SQLState: 00000
2025-01-09T02:35:02.728+01:00  WARN 2760 --- [movies] [           main] o.h.engine.jdbc.spi.SqlExceptionHelper   : relation "movies_stars" does not exist, skipping
2025-01-09T02:35:02.728+01:00  WARN 2760 --- [movies] [           main] o.h.engine.jdbc.spi.SqlExceptionHelper   : SQL Warning Code: 0, SQLState: 00000
2025-01-09T02:35:02.728+01:00  WARN 2760 --- [movies] [           main] o.h.engine.jdbc.spi.SqlExceptionHelper   : relation "movies_stars" does not exist, skipping
2025-01-09T02:35:02.730+01:00  WARN 2760 --- [movies] [           main] o.h.engine.jdbc.spi.SqlExceptionHelper   : SQL Warning Code: 0, SQLState: 00000
2025-01-09T02:35:02.730+01:00  WARN 2760 --- [movies] [           main] o.h.engine.jdbc.spi.SqlExceptionHelper   : relation "refresh_tokens" does not exist, skipping
2025-01-09T02:35:02.732+01:00  WARN 2760 --- [movies] [           main] o.h.engine.jdbc.spi.SqlExceptionHelper   : SQL Warning Code: 0, SQLState: 00000
2025-01-09T02:35:02.732+01:00  WARN 2760 --- [movies] [           main] o.h.engine.jdbc.spi.SqlExceptionHelper   : relation "users_movies" does not exist, skipping
2025-01-09T02:35:02.733+01:00  WARN 2760 --- [movies] [           main] o.h.engine.jdbc.spi.SqlExceptionHelper   : SQL Warning Code: 0, SQLState: 00000
2025-01-09T02:35:02.733+01:00  WARN 2760 --- [movies] [           main] o.h.engine.jdbc.spi.SqlExceptionHelper   : relation "users_movies" does not exist, skipping
2025-01-09T02:35:02.747+01:00  WARN 2760 --- [movies] [           main] o.h.engine.jdbc.spi.SqlExceptionHelper   : SQL Warning Code: 0, SQLState: 00000
2025-01-09T02:35:02.747+01:00  WARN 2760 --- [movies] [           main] o.h.engine.jdbc.spi.SqlExceptionHelper   : table "genres" does not exist, skipping
2025-01-09T02:35:02.748+01:00  WARN 2760 --- [movies] [           main] o.h.engine.jdbc.spi.SqlExceptionHelper   : SQL Warning Code: 0, SQLState: 00000
2025-01-09T02:35:02.748+01:00  WARN 2760 --- [movies] [           main] o.h.engine.jdbc.spi.SqlExceptionHelper   : table "movies" does not exist, skipping
2025-01-09T02:35:02.749+01:00  WARN 2760 --- [movies] [           main] o.h.engine.jdbc.spi.SqlExceptionHelper   : SQL Warning Code: 0, SQLState: 00000
2025-01-09T02:35:02.749+01:00  WARN 2760 --- [movies] [           main] o.h.engine.jdbc.spi.SqlExceptionHelper   : table "movies_genres" does not exist, skipping
2025-01-09T02:35:02.749+01:00  WARN 2760 --- [movies] [           main] o.h.engine.jdbc.spi.SqlExceptionHelper   : SQL Warning Code: 0, SQLState: 00000
2025-01-09T02:35:02.750+01:00  WARN 2760 --- [movies] [           main] o.h.engine.jdbc.spi.SqlExceptionHelper   : table "movies_stars" does not exist, skipping
2025-01-09T02:35:02.750+01:00  WARN 2760 --- [movies] [           main] o.h.engine.jdbc.spi.SqlExceptionHelper   : SQL Warning Code: 0, SQLState: 00000
2025-01-09T02:35:02.751+01:00  WARN 2760 --- [movies] [           main] o.h.engine.jdbc.spi.SqlExceptionHelper   : table "refresh_tokens" does not exist, skipping
2025-01-09T02:35:02.751+01:00  WARN 2760 --- [movies] [           main] o.h.engine.jdbc.spi.SqlExceptionHelper   : SQL Warning Code: 0, SQLState: 00000
2025-01-09T02:35:02.751+01:00  WARN 2760 --- [movies] [           main] o.h.engine.jdbc.spi.SqlExceptionHelper   : table "stars" does not exist, skipping
2025-01-09T02:35:02.752+01:00  WARN 2760 --- [movies] [           main] o.h.engine.jdbc.spi.SqlExceptionHelper   : SQL Warning Code: 0, SQLState: 00000
2025-01-09T02:35:02.752+01:00  WARN 2760 --- [movies] [           main] o.h.engine.jdbc.spi.SqlExceptionHelper   : table "users" does not exist, skipping
2025-01-09T02:35:02.753+01:00  WARN 2760 --- [movies] [           main] o.h.engine.jdbc.spi.SqlExceptionHelper   : SQL Warning Code: 0, SQLState: 00000
2025-01-09T02:35:02.753+01:00  WARN 2760 --- [movies] [           main] o.h.engine.jdbc.spi.SqlExceptionHelper   : table "users_movies" does not exist, skipping
2025-01-09T02:35:02.754+01:00  WARN 2760 --- [movies] [           main] o.h.engine.jdbc.spi.SqlExceptionHelper   : SQL Warning Code: 0, SQLState: 00000
2025-01-09T02:35:02.754+01:00  WARN 2760 --- [movies] [           main] o.h.engine.jdbc.spi.SqlExceptionHelper   : sequence "movies_seq" does not exist, skipping
2025-01-09T02:35:02.754+01:00  WARN 2760 --- [movies] [           main] o.h.engine.jdbc.spi.SqlExceptionHelper   : SQL Warning Code: 0, SQLState: 00000
2025-01-09T02:35:02.754+01:00  WARN 2760 --- [movies] [           main] o.h.engine.jdbc.spi.SqlExceptionHelper   : sequence "refresh_tokens_seq" does not exist, skipping
2025-01-09T02:35:02.755+01:00  WARN 2760 --- [movies] [           main] o.h.engine.jdbc.spi.SqlExceptionHelper   : SQL Warning Code: 0, SQLState: 00000
2025-01-09T02:35:02.755+01:00  WARN 2760 --- [movies] [           main] o.h.engine.jdbc.spi.SqlExceptionHelper   : sequence "users_seq" does not exist, skipping
2025-01-09T02:35:03.232+01:00  INFO 2760 --- [movies] [           main] j.LocalContainerEntityManagerFactoryBean : Initialized JPA EntityManagerFactory for persistence unit 'default'
2025-01-09T02:35:05.069+01:00  WARN 2760 --- [movies] [           main] JpaBaseConfiguration$JpaWebConfiguration : spring.jpa.open-in-view is enabled by default. Therefore, database queries may be performed during view rendering. Explicitly configure spring.jpa.open-in-view to disable this warning
2025-01-09T02:35:05.370+01:00  INFO 2760 --- [movies] [           main] r$InitializeUserDetailsManagerConfigurer : Global AuthenticationManager configured with UserDetailsService bean with name customUserDetailsService
2025-01-09T02:35:10.041+01:00  INFO 2760 --- [movies] [           main] o.s.b.a.e.web.EndpointLinksResolver      : Exposing 1 endpoint beneath base path '/actuator'
2025-01-09T02:35:19.864+01:00  INFO 2760 --- [movies] [           main] elte.hu.movies.MoviesApplicationTests    : Started MoviesApplicationTests in 31.873 seconds (process running for 34.598)
Success!
]]></system-out>
    <system-err><![CDATA[WARNING: A Java agent has been loaded dynamically (C:\Users\pocsi\.m2\repository\net\bytebuddy\byte-buddy-agent\1.14.19\byte-buddy-agent-1.14.19.jar)
WARNING: If a serviceability tool is in use, please run with -XX:+EnableDynamicAgentLoading to hide this warning
WARNING: If a serviceability tool is not in use, please run with -Djdk.instrument.traceUsage for more information
WARNING: Dynamic loading of agents will be disallowed by default in a future release
]]></system-err>
  </testcase>
</testsuite>